[root@sandbox hadoop_hw1]# ./start.sh
[INFO] Scanning for projects...
[INFO]
[INFO] ------------------------------------------------------------------------
[INFO] Building hadoop_hw1 1.0-RELEASE
[INFO] ------------------------------------------------------------------------
[INFO]
[INFO] --- maven-resources-plugin:2.6:resources (default-resources) @ hadoop_hw1 ---
[INFO] Using 'UTF-8' encoding to copy filtered resources.
[INFO] skip non existing resourceDirectory /root/demo/big_data_training/hadoop_hw1/src/main/resources
[INFO]
[INFO] --- maven-compiler-plugin:3.1:compile (default-compile) @ hadoop_hw1 ---
[INFO] Changes detected - recompiling the module!
[INFO] Compiling 3 source files to /root/demo/big_data_training/hadoop_hw1/target/classes
[INFO]
[INFO] --- maven-resources-plugin:2.6:testResources (default-testResources) @ hadoop_hw1 ---
[INFO] Using 'UTF-8' encoding to copy filtered resources.
[INFO] skip non existing resourceDirectory /root/demo/big_data_training/hadoop_hw1/src/test/resources
[INFO]
[INFO] --- maven-compiler-plugin:3.1:testCompile (default-testCompile) @ hadoop_hw1 ---
[INFO] Changes detected - recompiling the module!
[INFO] Compiling 3 source files to /root/demo/big_data_training/hadoop_hw1/target/test-classes
[INFO]
[INFO] --- maven-surefire-plugin:2.12.4:test (default-test) @ hadoop_hw1 ---
[INFO] Surefire report directory: /root/demo/big_data_training/hadoop_hw1/target/surefire-reports

-------------------------------------------------------
 T E S T S
-------------------------------------------------------
Running com.epam.courses.hadoop.LongestWordMapReduceTest
log4j:WARN No appenders could be found for logger (org.apache.hadoop.util.Shell).
log4j:WARN Please initialize the log4j system properly.
log4j:WARN See http://logging.apache.org/log4j/1.2/faq.html#noconfig for more info.
Tests run: 4, Failures: 0, Errors: 0, Skipped: 0, Time elapsed: 1.03 sec
Running com.epam.courses.hadoop.mapper.LongestWordMapperTest
Tests run: 4, Failures: 0, Errors: 0, Skipped: 0, Time elapsed: 0.066 sec
Running com.epam.courses.hadoop.reducer.LongestWordReducerTest
Tests run: 4, Failures: 0, Errors: 0, Skipped: 0, Time elapsed: 0.117 sec

Results :

Tests run: 12, Failures: 0, Errors: 0, Skipped: 0

[INFO]
[INFO] --- maven-jar-plugin:2.4:jar (default-jar) @ hadoop_hw1 ---
[INFO] Building jar: /root/demo/big_data_training/hadoop_hw1/target/hadoop_hw1-1.0-RELEASE.jar
[INFO] ------------------------------------------------------------------------
[INFO] BUILD SUCCESS
[INFO] ------------------------------------------------------------------------
[INFO] Total time: 5.926 s
[INFO] Finished at: 2017-09-06T12:36:33Z
[INFO] Final Memory: 24M/279M
[INFO] ------------------------------------------------------------------------
Run mapreduce job:
17/09/06 12:38:18 INFO client.RMProxy: Connecting to ResourceManager at sandbox.hortonworks.com/172.17.0.2:8032
17/09/06 12:38:19 INFO client.AHSProxy: Connecting to Application History server at sandbox.hortonworks.com/172.17.0.2:10200
17/09/06 12:38:19 WARN mapreduce.JobResourceUploader: Hadoop command-line option parsing not performed. Implement the Tool interface and execute your application with ToolRunner to remedy this.
17/09/06 12:38:19 INFO input.FileInputFormat: Total input paths to process : 4
17/09/06 12:38:19 INFO mapreduce.JobSubmitter: number of splits:4
17/09/06 12:38:20 INFO mapreduce.JobSubmitter: Submitting tokens for job: job_1504699998917_0001
17/09/06 12:38:21 INFO impl.YarnClientImpl: Submitted application application_1504699998917_0001
17/09/06 12:38:21 INFO mapreduce.Job: The url to track the job: http://sandbox.hortonworks.com:8088/proxy/application_1504699998917_0001/
17/09/06 12:38:21 INFO mapreduce.Job: Running job: job_1504699998917_0001
17/09/06 12:38:32 INFO mapreduce.Job: Job job_1504699998917_0001 running in uber mode : false
17/09/06 12:38:32 INFO mapreduce.Job:  map 0% reduce 0%
17/09/06 12:38:50 INFO mapreduce.Job:  map 100% reduce 0%
17/09/06 12:38:57 INFO mapreduce.Job:  map 100% reduce 100%
17/09/06 12:38:59 INFO mapreduce.Job: Job job_1504699998917_0001 completed successfully
17/09/06 12:39:00 INFO mapreduce.Job: Counters: 49
        File System Counters
                FILE: Number of bytes read=101
                FILE: Number of bytes written=748315
                FILE: Number of read operations=0
                FILE: Number of large read operations=0
                FILE: Number of write operations=0
                HDFS: Number of bytes read=103571
                HDFS: Number of bytes written=42
                HDFS: Number of read operations=15
                HDFS: Number of large read operations=0
                HDFS: Number of write operations=2
        Job Counters
                Launched map tasks=4
                Launched reduce tasks=1
                Data-local map tasks=4
                Total time spent by all maps in occupied slots (ms)=60440
                Total time spent by all reduces in occupied slots (ms)=4654
                Total time spent by all map tasks (ms)=60440
                Total time spent by all reduce tasks (ms)=4654
                Total vcore-milliseconds taken by all map tasks=60440
                Total vcore-milliseconds taken by all reduce tasks=4654
                Total megabyte-milliseconds taken by all map tasks=15110000
                Total megabyte-milliseconds taken by all reduce tasks=1163500
        Map-Reduce Framework
                Map input records=1656
                Map output records=4
                Map output bytes=87
                Map output materialized bytes=119
                Input split bytes=602
                Combine input records=0
                Combine output records=0
                Reduce input groups=2
                Reduce shuffle bytes=119
                Reduce input records=4
                Reduce output records=2
                Spilled Records=8
                Shuffled Maps =4
                Failed Shuffles=0
                Merged Map outputs=4
                GC time elapsed (ms)=1951
                CPU time spent (ms)=6990
                Physical memory (bytes) snapshot=830853120
                Virtual memory (bytes) snapshot=10649640960
                Total committed heap usage (bytes)=478674944
        Shuffle Errors
                BAD_ID=0
                CONNECTION=0
                IO_ERROR=0
                WRONG_LENGTH=0
                WRONG_MAP=0
                WRONG_REDUCE=0
        File Input Format Counters
                Bytes Read=102969
        File Output Format Counters
                Bytes Written=42
Mapreduce result:
17      floor-to-ceilling
17      forty-five-degree